[debug] [2024-08-24T07:20:17.701Z] ----------------------------------------------------------------------
[debug] [2024-08-24T07:20:17.702Z] Command:       /Users/sven/.nvm/versions/node/v18.18.2/bin/node /Users/sven/.nvm/versions/node/v18.18.2/bin/firebase deploy
[debug] [2024-08-24T07:20:17.702Z] CLI Version:   13.15.4
[debug] [2024-08-24T07:20:17.702Z] Platform:      darwin
[debug] [2024-08-24T07:20:17.702Z] Node Version:  v18.18.2
[debug] [2024-08-24T07:20:17.703Z] Time:          Sat Aug 24 2024 10:20:17 GMT+0300 (Eastern European Summer Time)
[debug] [2024-08-24T07:20:17.703Z] ----------------------------------------------------------------------
[debug] 
[debug] [2024-08-24T07:20:17.737Z] > command requires scopes: ["email","openid","https://www.googleapis.com/auth/cloudplatformprojects.readonly","https://www.googleapis.com/auth/firebase","https://www.googleapis.com/auth/cloud-platform"]
[debug] [2024-08-24T07:20:17.737Z] > authorizing via signed-in user (dherault@gmail.com)
[debug] [2024-08-24T07:20:17.737Z] [iam] checking project blog-dherault-com for permissions ["firebase.projects.get","firebasehosting.sites.update"]
[debug] [2024-08-24T07:20:17.738Z] >>> [apiv2][query] POST https://cloudresourcemanager.googleapis.com/v1/projects/blog-dherault-com:testIamPermissions [none]
[debug] [2024-08-24T07:20:17.738Z] >>> [apiv2][(partial)header] POST https://cloudresourcemanager.googleapis.com/v1/projects/blog-dherault-com:testIamPermissions x-goog-quota-user=projects/blog-dherault-com
[debug] [2024-08-24T07:20:17.739Z] >>> [apiv2][body] POST https://cloudresourcemanager.googleapis.com/v1/projects/blog-dherault-com:testIamPermissions {"permissions":["firebase.projects.get","firebasehosting.sites.update"]}
[debug] [2024-08-24T07:20:18.516Z] <<< [apiv2][status] POST https://cloudresourcemanager.googleapis.com/v1/projects/blog-dherault-com:testIamPermissions 200
[debug] [2024-08-24T07:20:18.516Z] <<< [apiv2][body] POST https://cloudresourcemanager.googleapis.com/v1/projects/blog-dherault-com:testIamPermissions {"permissions":["firebase.projects.get","firebasehosting.sites.update"]}
[debug] [2024-08-24T07:20:18.517Z] >>> [apiv2][query] GET https://firebase.googleapis.com/v1beta1/projects/blog-dherault-com [none]
[debug] [2024-08-24T07:20:18.761Z] <<< [apiv2][status] GET https://firebase.googleapis.com/v1beta1/projects/blog-dherault-com 200
[debug] [2024-08-24T07:20:18.761Z] <<< [apiv2][body] GET https://firebase.googleapis.com/v1beta1/projects/blog-dherault-com {"projectId":"blog-dherault-com","projectNumber":"978638731296","displayName":"blog-dherault-com","name":"projects/blog-dherault-com","resources":{"hostingSite":"blog-dherault-com"},"state":"ACTIVE","etag":"1_e0740e4e-c06b-4690-a1a0-96301a964ec0"}
[info] 
[info] === Deploying to 'blog-dherault-com'...
[info] 
[info] i  deploying hosting 
[debug] [2024-08-24T07:20:18.769Z] >>> [apiv2][query] POST https://firebasehosting.googleapis.com/v1beta1/projects/-/sites/blog-dherault-com/versions [none]
[debug] [2024-08-24T07:20:18.769Z] >>> [apiv2][body] POST https://firebasehosting.googleapis.com/v1beta1/projects/-/sites/blog-dherault-com/versions {"status":"CREATED","labels":{"deployment-tool":"cli-firebase"}}
